<?xml version="1.0" encoding="UTF-8"?>
<!-- Generated by org.testng.reporters.JUnitReportReporter -->
<testsuite hostname="PAVAN09FA" failures="0" tests="5" name="testCases.TC_003_LoginDataDrivenTest" time="40.894" errors="0" timestamp="2023-08-30T06:49:25 IST" skipped="0">
  <testcase classname="testCases.TC_003_LoginDataDrivenTest" name="test_Login" time="3.164"/>
  <testcase classname="testCases.TC_003_LoginDataDrivenTest" name="test_Login" time="11.457"/>
  <testcase classname="testCases.TC_003_LoginDataDrivenTest" name="test_Login" time="11.599"/>
  <testcase classname="testCases.TC_003_LoginDataDrivenTest" name="test_Login" time="11.594"/>
  <testcase classname="testCases.TC_003_LoginDataDrivenTest" name="test_Login" time="3.080"/>
</testsuite> <!-- testCases.TC_003_LoginDataDrivenTest -->
